生成启动时间为 2016/9/23 15:39:51。
     1>项目“D:\Study\projec\我的世界\我的世界\我的世界.vcxproj”在节点 2 上(Build 个目标)。
     1>ClCompile:
         D:\Program Files (x86)\VS2015\VC\bin\CL.exe /c /ZI /nologo /W3 /WX- /Od /Oy- /D WIN32 /D _DEBUG /D _CONSOLE /D _MBCS /Gm /EHsc /RTC1 /MDd /GS /fp:precise /Zc:wchar_t /Zc:forScope /Zc:inline /Fo"Debug\\" /Fd"Debug\vc140.pdb" /Gd /TP /analyze- /errorReport:prompt Game.cpp GameFrame.cpp GameInput.cpp GameOutput.cpp InitShader.cpp Load.cpp Main.cpp Menu.cpp Object.cpp Primitive.cpp Res\sound\SoundManage.cpp Scene.cpp ShaderData.cpp
         ShaderData.cpp
     1>d:\study\projec\我的世界\我的世界\angel.h(64): warning C4305: “初始化”: 从“double”到“GLfloat”截断
     1>d:\study\projec\我的世界\我的世界\mat.h(757): warning C4244: “=”: 从“double”转换到“GLfloat”，可能丢失数据
     1>d:\study\projec\我的世界\我的世界\mat.h(758): warning C4244: “=”: 从“double”转换到“GLfloat”，可能丢失数据
     1>d:\study\projec\我的世界\我的世界\mat.h(759): warning C4244: “=”: 从“double”转换到“GLfloat”，可能丢失数据
     1>d:\study\projec\我的世界\我的世界\mat.h(780): warning C4244: “=”: 从“double”转换到“GLfloat”，可能丢失数据
     1>d:\study\projec\我的世界\我的世界\mat.h(782): warning C4244: “=”: 从“double”转换到“GLfloat”，可能丢失数据
     1>d:\study\projec\我的世界\我的世界\mat.h(785): warning C4244: “=”: 从“double”转换到“GLfloat”，可能丢失数据
     1>d:\study\projec\我的世界\我的世界\mat.h(802): warning C4244: “=”: 从“double”转换到“GLfloat”，可能丢失数据
     1>d:\study\projec\我的世界\我的世界\shaderdata.cpp(6): warning C4305: “参数”: 从“double”到“GLfloat”截断
     1>d:\study\projec\我的世界\我的世界\shaderdata.cpp(10): warning C4305: “参数”: 从“double”到“GLfloat”截断
         Scene.cpp
     1>d:\study\projec\我的世界\我的世界\angel.h(64): warning C4305: “初始化”: 从“double”到“GLfloat”截断
     1>d:\study\projec\我的世界\我的世界\mat.h(757): warning C4244: “=”: 从“double”转换到“GLfloat”，可能丢失数据
     1>d:\study\projec\我的世界\我的世界\mat.h(758): warning C4244: “=”: 从“double”转换到“GLfloat”，可能丢失数据
     1>d:\study\projec\我的世界\我的世界\mat.h(759): warning C4244: “=”: 从“double”转换到“GLfloat”，可能丢失数据
     1>d:\study\projec\我的世界\我的世界\mat.h(780): warning C4244: “=”: 从“double”转换到“GLfloat”，可能丢失数据
     1>d:\study\projec\我的世界\我的世界\mat.h(782): warning C4244: “=”: 从“double”转换到“GLfloat”，可能丢失数据
     1>d:\study\projec\我的世界\我的世界\mat.h(785): warning C4244: “=”: 从“double”转换到“GLfloat”，可能丢失数据
     1>d:\study\projec\我的世界\我的世界\mat.h(802): warning C4244: “=”: 从“double”转换到“GLfloat”，可能丢失数据
         SoundManage.cpp
         Primitive.cpp
     1>d:\study\projec\我的世界\我的世界\angel.h(64): warning C4305: “初始化”: 从“double”到“GLfloat”截断
     1>d:\study\projec\我的世界\我的世界\mat.h(757): warning C4244: “=”: 从“double”转换到“GLfloat”，可能丢失数据
     1>d:\study\projec\我的世界\我的世界\mat.h(758): warning C4244: “=”: 从“double”转换到“GLfloat”，可能丢失数据
     1>d:\study\projec\我的世界\我的世界\mat.h(759): warning C4244: “=”: 从“double”转换到“GLfloat”，可能丢失数据
     1>d:\study\projec\我的世界\我的世界\mat.h(780): warning C4244: “=”: 从“double”转换到“GLfloat”，可能丢失数据
     1>d:\study\projec\我的世界\我的世界\mat.h(782): warning C4244: “=”: 从“double”转换到“GLfloat”，可能丢失数据
     1>d:\study\projec\我的世界\我的世界\mat.h(785): warning C4244: “=”: 从“double”转换到“GLfloat”，可能丢失数据
     1>d:\study\projec\我的世界\我的世界\mat.h(802): warning C4244: “=”: 从“double”转换到“GLfloat”，可能丢失数据
         Object.cpp
     1>d:\study\projec\我的世界\我的世界\angel.h(64): warning C4305: “初始化”: 从“double”到“GLfloat”截断
     1>d:\study\projec\我的世界\我的世界\mat.h(757): warning C4244: “=”: 从“double”转换到“GLfloat”，可能丢失数据
     1>d:\study\projec\我的世界\我的世界\mat.h(758): warning C4244: “=”: 从“double”转换到“GLfloat”，可能丢失数据
     1>d:\study\projec\我的世界\我的世界\mat.h(759): warning C4244: “=”: 从“double”转换到“GLfloat”，可能丢失数据
     1>d:\study\projec\我的世界\我的世界\mat.h(780): warning C4244: “=”: 从“double”转换到“GLfloat”，可能丢失数据
     1>d:\study\projec\我的世界\我的世界\mat.h(782): warning C4244: “=”: 从“double”转换到“GLfloat”，可能丢失数据
     1>d:\study\projec\我的世界\我的世界\mat.h(785): warning C4244: “=”: 从“double”转换到“GLfloat”，可能丢失数据
     1>d:\study\projec\我的世界\我的世界\mat.h(802): warning C4244: “=”: 从“double”转换到“GLfloat”，可能丢失数据
     1>d:\study\projec\我的世界\我的世界\object.cpp(58): warning C4305: “参数”: 从“double”到“GLfloat”截断
     1>d:\study\projec\我的世界\我的世界\object.cpp(65): warning C4305: “参数”: 从“double”到“GLfloat”截断
     1>d:\study\projec\我的世界\我的世界\object.cpp(72): warning C4305: “参数”: 从“double”到“GLfloat”截断
     1>d:\study\projec\我的世界\我的世界\object.cpp(79): warning C4305: “参数”: 从“double”到“GLfloat”截断
     1>d:\study\projec\我的世界\我的世界\object.cpp(86): warning C4305: “参数”: 从“double”到“GLfloat”截断
     1>d:\study\projec\我的世界\我的世界\object.cpp(93): warning C4305: “参数”: 从“double”到“GLfloat”截断
     1>d:\study\projec\我的世界\我的世界\object.cpp(125): warning C4244: “参数”: 从“double”转换到“const GLfloat”，可能丢失数据
     1>d:\study\projec\我的世界\我的世界\object.cpp(165): warning C4244: “参数”: 从“int”转换到“const GLfloat”，可能丢失数据
     1>d:\study\projec\我的世界\我的世界\object.cpp(172): warning C4244: “参数”: 从“int”转换到“const GLfloat”，可能丢失数据
     1>d:\study\projec\我的世界\我的世界\object.cpp(178): warning C4244: “参数”: 从“int”转换到“const GLfloat”，可能丢失数据
     1>d:\study\projec\我的世界\我的世界\object.cpp(185): warning C4244: “参数”: 从“int”转换到“const GLfloat”，可能丢失数据
     1>d:\study\projec\我的世界\我的世界\object.cpp(192): warning C4244: “参数”: 从“int”转换到“const GLfloat”，可能丢失数据
     1>d:\study\projec\我的世界\我的世界\object.cpp(199): warning C4244: “参数”: 从“int”转换到“const GLfloat”，可能丢失数据
     1>d:\study\projec\我的世界\我的世界\object.cpp(206): warning C4244: “参数”: 从“int”转换到“const GLfloat”，可能丢失数据
     1>d:\study\projec\我的世界\我的世界\object.cpp(216): warning C4244: “参数”: 从“int”转换到“const GLfloat”，可能丢失数据
     1>d:\study\projec\我的世界\我的世界\object.cpp(223): warning C4244: “参数”: 从“int”转换到“const GLfloat”，可能丢失数据
     1>d:\study\projec\我的世界\我的世界\object.cpp(230): warning C4244: “参数”: 从“int”转换到“const GLfloat”，可能丢失数据
     1>d:\study\projec\我的世界\我的世界\object.cpp(239): warning C4018: “<”: 有符号/无符号不匹配
     1>d:\study\projec\我的世界\我的世界\object.cpp(243): warning C4244: “参数”: 从“int”转换到“const GLfloat”，可能丢失数据
     1>d:\study\projec\我的世界\我的世界\object.cpp(263): warning C4244: “参数”: 从“int”转换到“const GLfloat”，可能丢失数据
     1>d:\study\projec\我的世界\我的世界\object.cpp(265): warning C4244: “参数”: 从“int”转换到“const GLfloat”，可能丢失数据
     1>d:\study\projec\我的世界\我的世界\object.cpp(271): warning C4244: “参数”: 从“int”转换到“const GLfloat”，可能丢失数据
     1>d:\study\projec\我的世界\我的世界\object.cpp(273): warning C4244: “参数”: 从“int”转换到“const GLfloat”，可能丢失数据
     1>d:\study\projec\我的世界\我的世界\object.cpp(279): warning C4244: “参数”: 从“int”转换到“const GLfloat”，可能丢失数据
     1>d:\study\projec\我的世界\我的世界\object.cpp(281): warning C4244: “参数”: 从“int”转换到“const GLfloat”，可能丢失数据
     1>d:\study\projec\我的世界\我的世界\object.cpp(287): warning C4244: “参数”: 从“int”转换到“const GLfloat”，可能丢失数据
     1>d:\study\projec\我的世界\我的世界\object.cpp(289): warning C4244: “参数”: 从“int”转换到“const GLfloat”，可能丢失数据
     1>d:\study\projec\我的世界\我的世界\object.cpp(295): warning C4244: “参数”: 从“int”转换到“const GLfloat”，可能丢失数据
     1>d:\study\projec\我的世界\我的世界\object.cpp(297): warning C4244: “参数”: 从“int”转换到“const GLfloat”，可能丢失数据
     1>d:\study\projec\我的世界\我的世界\object.cpp(303): warning C4244: “参数”: 从“int”转换到“const GLfloat”，可能丢失数据
     1>d:\study\projec\我的世界\我的世界\object.cpp(305): warning C4244: “参数”: 从“int”转换到“const GLfloat”，可能丢失数据
     1>d:\study\projec\我的世界\我的世界\object.cpp(310): warning C4244: “参数”: 从“int”转换到“const GLfloat”，可能丢失数据
     1>d:\study\projec\我的世界\我的世界\object.cpp(312): warning C4244: “参数”: 从“int”转换到“const GLfloat”，可能丢失数据
     1>d:\study\projec\我的世界\我的世界\object.cpp(318): warning C4244: “参数”: 从“int”转换到“const GLfloat”，可能丢失数据
     1>d:\study\projec\我的世界\我的世界\object.cpp(320): warning C4244: “参数”: 从“int”转换到“const GLfloat”，可能丢失数据
     1>d:\study\projec\我的世界\我的世界\object.cpp(325): warning C4244: “参数”: 从“int”转换到“const GLfloat”，可能丢失数据
     1>d:\study\projec\我的世界\我的世界\object.cpp(327): warning C4244: “参数”: 从“int”转换到“const GLfloat”，可能丢失数据
     1>d:\study\projec\我的世界\我的世界\object.cpp(332): warning C4244: “参数”: 从“int”转换到“const GLfloat”，可能丢失数据
     1>d:\study\projec\我的世界\我的世界\object.cpp(334): warning C4244: “参数”: 从“int”转换到“const GLfloat”，可能丢失数据
     1>d:\study\projec\我的世界\我的世界\object.cpp(340): warning C4244: “参数”: 从“int”转换到“const GLfloat”，可能丢失数据
     1>d:\study\projec\我的世界\我的世界\object.cpp(342): warning C4244: “参数”: 从“int”转换到“const GLfloat”，可能丢失数据
     1>d:\study\projec\我的世界\我的世界\object.cpp(410): warning C4244: “初始化”: 从“double”转换到“int”，可能丢失数据
     1>d:\study\projec\我的世界\我的世界\object.cpp(411): warning C4244: “初始化”: 从“GLfloat”转换到“int”，可能丢失数据
     1>d:\study\projec\我的世界\我的世界\object.cpp(412): warning C4244: “初始化”: 从“double”转换到“int”，可能丢失数据
     1>d:\study\projec\我的世界\我的世界\object.cpp(420): warning C4244: “初始化”: 从“double”转换到“int”，可能丢失数据
     1>d:\study\projec\我的世界\我的世界\object.cpp(421): warning C4244: “初始化”: 从“float”转换到“int”，可能丢失数据
     1>d:\study\projec\我的世界\我的世界\object.cpp(422): warning C4244: “初始化”: 从“double”转换到“int”，可能丢失数据
     1>d:\study\projec\我的世界\我的世界\object.cpp(431): warning C4244: “=”: 从“double”转换到“int”，可能丢失数据
     1>d:\study\projec\我的世界\我的世界\object.cpp(471): warning C4244: “=”: 从“int”转换到“float”，可能丢失数据
     1>d:\study\projec\我的世界\我的世界\object.cpp(507): warning C4244: “=”: 从“int”转换到“float”，可能丢失数据
     1>d:\study\projec\我的世界\我的世界\object.cpp(546): warning C4244: “初始化”: 从“double”转换到“int”，可能丢失数据
     1>d:\study\projec\我的世界\我的世界\object.cpp(549): warning C4244: “=”: 从“double”转换到“float”，可能丢失数据
     1>d:\study\projec\我的世界\我的世界\object.cpp(552): warning C4244: “=”: 从“double”转换到“float”，可能丢失数据
     1>d:\study\projec\我的世界\我的世界\object.cpp(555): warning C4244: “=”: 从“double”转换到“float”，可能丢失数据
     1>d:\study\projec\我的世界\我的世界\object.cpp(558): warning C4244: “=”: 从“double”转换到“float”，可能丢失数据
     1>d:\study\projec\我的世界\我的世界\object.cpp(562): warning C4244: “=”: 从“double”转换到“float”，可能丢失数据
     1>d:\study\projec\我的世界\我的世界\object.cpp(571): warning C4244: “初始化”: 从“double”转换到“int”，可能丢失数据
     1>d:\study\projec\我的世界\我的世界\object.cpp(572): warning C4244: “初始化”: 从“double”转换到“int”，可能丢失数据
     1>d:\study\projec\我的世界\我的世界\object.cpp(586): warning C4996: 'sprintf': This function or variable may be unsafe. Consider using sprintf_s instead. To disable deprecation, use _CRT_SECURE_NO_WARNINGS. See online help for details.
         c:\program files (x86)\windows kits\10\include\10.0.10150.0\ucrt\stdio.h(1769): note: 参见“sprintf”的声明
     1>d:\study\projec\我的世界\我的世界\object.cpp(621): warning C4996: 'sprintf': This function or variable may be unsafe. Consider using sprintf_s instead. To disable deprecation, use _CRT_SECURE_NO_WARNINGS. See online help for details.
         c:\program files (x86)\windows kits\10\include\10.0.10150.0\ucrt\stdio.h(1769): note: 参见“sprintf”的声明
     1>d:\study\projec\我的世界\我的世界\object.cpp(633): warning C4996: 'sprintf': This function or variable may be unsafe. Consider using sprintf_s instead. To disable deprecation, use _CRT_SECURE_NO_WARNINGS. See online help for details.
         c:\program files (x86)\windows kits\10\include\10.0.10150.0\ucrt\stdio.h(1769): note: 参见“sprintf”的声明
     1>d:\study\projec\我的世界\我的世界\object.cpp(736): warning C4305: “参数”: 从“double”到“const GLfloat”截断
     1>d:\study\projec\我的世界\我的世界\object.cpp(762): warning C4305: “参数”: 从“double”到“const GLfloat”截断
     1>d:\study\projec\我的世界\我的世界\object.cpp(764): warning C4305: “参数”: 从“double”到“const GLfloat”截断
     1>d:\study\projec\我的世界\我的世界\object.cpp(842): warning C4305: “参数”: 从“double”到“const GLfloat”截断
         Menu.cpp
     1>d:\study\projec\我的世界\我的世界\angel.h(64): warning C4305: “初始化”: 从“double”到“GLfloat”截断
     1>d:\study\projec\我的世界\我的世界\mat.h(757): warning C4244: “=”: 从“double”转换到“GLfloat”，可能丢失数据
     1>d:\study\projec\我的世界\我的世界\mat.h(758): warning C4244: “=”: 从“double”转换到“GLfloat”，可能丢失数据
     1>d:\study\projec\我的世界\我的世界\mat.h(759): warning C4244: “=”: 从“double”转换到“GLfloat”，可能丢失数据
     1>d:\study\projec\我的世界\我的世界\mat.h(780): warning C4244: “=”: 从“double”转换到“GLfloat”，可能丢失数据
     1>d:\study\projec\我的世界\我的世界\mat.h(782): warning C4244: “=”: 从“double”转换到“GLfloat”，可能丢失数据
     1>d:\study\projec\我的世界\我的世界\mat.h(785): warning C4244: “=”: 从“double”转换到“GLfloat”，可能丢失数据
     1>d:\study\projec\我的世界\我的世界\mat.h(802): warning C4244: “=”: 从“double”转换到“GLfloat”，可能丢失数据
     1>d:\study\projec\我的世界\我的世界\menu.cpp(7): warning C4305: “参数”: 从“double”到“GLfloat”截断
     1>d:\study\projec\我的世界\我的世界\menu.cpp(8): warning C4305: “参数”: 从“double”到“GLfloat”截断
         Main.cpp
     1>d:\study\projec\我的世界\我的世界\angel.h(64): warning C4305: “初始化”: 从“double”到“GLfloat”截断
     1>d:\study\projec\我的世界\我的世界\mat.h(757): warning C4244: “=”: 从“double”转换到“GLfloat”，可能丢失数据
     1>d:\study\projec\我的世界\我的世界\mat.h(758): warning C4244: “=”: 从“double”转换到“GLfloat”，可能丢失数据
     1>d:\study\projec\我的世界\我的世界\mat.h(759): warning C4244: “=”: 从“double”转换到“GLfloat”，可能丢失数据
     1>d:\study\projec\我的世界\我的世界\mat.h(780): warning C4244: “=”: 从“double”转换到“GLfloat”，可能丢失数据
     1>d:\study\projec\我的世界\我的世界\mat.h(782): warning C4244: “=”: 从“double”转换到“GLfloat”，可能丢失数据
     1>d:\study\projec\我的世界\我的世界\mat.h(785): warning C4244: “=”: 从“double”转换到“GLfloat”，可能丢失数据
     1>d:\study\projec\我的世界\我的世界\mat.h(802): warning C4244: “=”: 从“double”转换到“GLfloat”，可能丢失数据
     1>d:\study\projec\我的世界\我的世界\main.cpp(61): warning C4244: “=”: 从“float”转换到“int”，可能丢失数据
     1>d:\study\projec\我的世界\我的世界\main.cpp(67): warning C4244: “=”: 从“float”转换到“int”，可能丢失数据
         Load.cpp
     1>d:\study\projec\我的世界\我的世界\angel.h(64): warning C4305: “初始化”: 从“double”到“GLfloat”截断
     1>d:\study\projec\我的世界\我的世界\mat.h(757): warning C4244: “=”: 从“double”转换到“GLfloat”，可能丢失数据
     1>d:\study\projec\我的世界\我的世界\mat.h(758): warning C4244: “=”: 从“double”转换到“GLfloat”，可能丢失数据
     1>d:\study\projec\我的世界\我的世界\mat.h(759): warning C4244: “=”: 从“double”转换到“GLfloat”，可能丢失数据
     1>d:\study\projec\我的世界\我的世界\mat.h(780): warning C4244: “=”: 从“double”转换到“GLfloat”，可能丢失数据
     1>d:\study\projec\我的世界\我的世界\mat.h(782): warning C4244: “=”: 从“double”转换到“GLfloat”，可能丢失数据
     1>d:\study\projec\我的世界\我的世界\mat.h(785): warning C4244: “=”: 从“double”转换到“GLfloat”，可能丢失数据
     1>d:\study\projec\我的世界\我的世界\mat.h(802): warning C4244: “=”: 从“double”转换到“GLfloat”，可能丢失数据
     1>d:\study\projec\我的世界\我的世界\load.cpp(13): warning C4305: “参数”: 从“double”到“GLfloat”截断
     1>d:\study\projec\我的世界\我的世界\load.cpp(14): warning C4305: “参数”: 从“double”到“GLfloat”截断
     1>d:\study\projec\我的世界\我的世界\load.cpp(16): warning C4305: “参数”: 从“double”到“GLfloat”截断
         InitShader.cpp
     1>d:\study\projec\我的世界\我的世界\angel.h(64): warning C4305: “初始化”: 从“double”到“GLfloat”截断
     1>d:\study\projec\我的世界\我的世界\mat.h(757): warning C4244: “=”: 从“double”转换到“GLfloat”，可能丢失数据
     1>d:\study\projec\我的世界\我的世界\mat.h(758): warning C4244: “=”: 从“double”转换到“GLfloat”，可能丢失数据
     1>d:\study\projec\我的世界\我的世界\mat.h(759): warning C4244: “=”: 从“double”转换到“GLfloat”，可能丢失数据
     1>d:\study\projec\我的世界\我的世界\mat.h(780): warning C4244: “=”: 从“double”转换到“GLfloat”，可能丢失数据
     1>d:\study\projec\我的世界\我的世界\mat.h(782): warning C4244: “=”: 从“double”转换到“GLfloat”，可能丢失数据
     1>d:\study\projec\我的世界\我的世界\mat.h(785): warning C4244: “=”: 从“double”转换到“GLfloat”，可能丢失数据
     1>d:\study\projec\我的世界\我的世界\mat.h(802): warning C4244: “=”: 从“double”转换到“GLfloat”，可能丢失数据
     1>d:\study\projec\我的世界\我的世界\initshader.cpp(10): warning C4996: 'fopen': This function or variable may be unsafe. Consider using fopen_s instead. To disable deprecation, use _CRT_SECURE_NO_WARNINGS. See online help for details.
         c:\program files (x86)\windows kits\10\include\10.0.10150.0\ucrt\stdio.h(205): note: 参见“fopen”的声明
         GameOutput.cpp
     1>d:\study\projec\我的世界\我的世界\angel.h(64): warning C4305: “初始化”: 从“double”到“GLfloat”截断
     1>d:\study\projec\我的世界\我的世界\mat.h(757): warning C4244: “=”: 从“double”转换到“GLfloat”，可能丢失数据
     1>d:\study\projec\我的世界\我的世界\mat.h(758): warning C4244: “=”: 从“double”转换到“GLfloat”，可能丢失数据
     1>d:\study\projec\我的世界\我的世界\mat.h(759): warning C4244: “=”: 从“double”转换到“GLfloat”，可能丢失数据
     1>d:\study\projec\我的世界\我的世界\mat.h(780): warning C4244: “=”: 从“double”转换到“GLfloat”，可能丢失数据
     1>d:\study\projec\我的世界\我的世界\mat.h(782): warning C4244: “=”: 从“double”转换到“GLfloat”，可能丢失数据
     1>d:\study\projec\我的世界\我的世界\mat.h(785): warning C4244: “=”: 从“double”转换到“GLfloat”，可能丢失数据
     1>d:\study\projec\我的世界\我的世界\mat.h(802): warning C4244: “=”: 从“double”转换到“GLfloat”，可能丢失数据
         GameInput.cpp
     1>d:\study\projec\我的世界\我的世界\angel.h(64): warning C4305: “初始化”: 从“double”到“GLfloat”截断
     1>d:\study\projec\我的世界\我的世界\mat.h(757): warning C4244: “=”: 从“double”转换到“GLfloat”，可能丢失数据
     1>d:\study\projec\我的世界\我的世界\mat.h(758): warning C4244: “=”: 从“double”转换到“GLfloat”，可能丢失数据
     1>d:\study\projec\我的世界\我的世界\mat.h(759): warning C4244: “=”: 从“double”转换到“GLfloat”，可能丢失数据
     1>d:\study\projec\我的世界\我的世界\mat.h(780): warning C4244: “=”: 从“double”转换到“GLfloat”，可能丢失数据
     1>d:\study\projec\我的世界\我的世界\mat.h(782): warning C4244: “=”: 从“double”转换到“GLfloat”，可能丢失数据
     1>d:\study\projec\我的世界\我的世界\mat.h(785): warning C4244: “=”: 从“double”转换到“GLfloat”，可能丢失数据
     1>d:\study\projec\我的世界\我的世界\mat.h(802): warning C4244: “=”: 从“double”转换到“GLfloat”，可能丢失数据
     1>d:\study\projec\我的世界\我的世界\gameinput.cpp(32): warning C4305: “=”: 从“double”到“float”截断
     1>d:\study\projec\我的世界\我的世界\gameinput.cpp(166): warning C4244: “参数”: 从“double”转换到“const GLfloat”，可能丢失数据
     1>d:\study\projec\我的世界\我的世界\gameinput.cpp(167): warning C4244: “参数”: 从“double”转换到“const GLfloat”，可能丢失数据
     1>d:\study\projec\我的世界\我的世界\gameinput.cpp(254): warning C4244: “=”: 从“int”转换到“GLfloat”，可能丢失数据
     1>d:\study\projec\我的世界\我的世界\gameinput.cpp(255): warning C4244: “=”: 从“int”转换到“GLfloat”，可能丢失数据
     1>d:\study\projec\我的世界\我的世界\gameinput.cpp(294): warning C4244: “=”: 从“double”转换到“float”，可能丢失数据
     1>d:\study\projec\我的世界\我的世界\gameinput.cpp(295): warning C4244: “=”: 从“double”转换到“float”，可能丢失数据
     1>d:\study\projec\我的世界\我的世界\gameinput.cpp(312): warning C4244: “初始化”: 从“double”转换到“GLfloat”，可能丢失数据
     1>d:\study\projec\我的世界\我的世界\gameinput.cpp(313): warning C4244: “初始化”: 从“double”转换到“GLfloat”，可能丢失数据
     1>d:\study\projec\我的世界\我的世界\gameinput.cpp(345): warning C4305: “初始化”: 从“double”到“float”截断
     1>d:\study\projec\我的世界\我的世界\gameinput.cpp(401): warning C4244: “参数”: 从“double”转换到“const GLfloat”，可能丢失数据
     1>d:\study\projec\我的世界\我的世界\gameinput.cpp(402): warning C4244: “参数”: 从“double”转换到“const GLfloat”，可能丢失数据
     1>d:\study\projec\我的世界\我的世界\gameinput.cpp(418): warning C4244: “*=”: 从“double”转换到“GLfloat”，可能丢失数据
     1>d:\study\projec\我的世界\我的世界\gameinput.cpp(419): warning C4244: “*=”: 从“double”转换到“GLfloat”，可能丢失数据
     1>d:\study\projec\我的世界\我的世界\gameinput.cpp(445): warning C4244: “*=”: 从“double”转换到“GLfloat”，可能丢失数据
     1>d:\study\projec\我的世界\我的世界\gameinput.cpp(446): warning C4244: “*=”: 从“double”转换到“GLfloat”，可能丢失数据
     1>d:\study\projec\我的世界\我的世界\gameinput.cpp(472): warning C4244: “*=”: 从“double”转换到“GLfloat”，可能丢失数据
     1>d:\study\projec\我的世界\我的世界\gameinput.cpp(473): warning C4244: “*=”: 从“double”转换到“GLfloat”，可能丢失数据
     1>d:\study\projec\我的世界\我的世界\gameinput.cpp(499): warning C4244: “*=”: 从“double”转换到“GLfloat”，可能丢失数据
     1>d:\study\projec\我的世界\我的世界\gameinput.cpp(500): warning C4244: “*=”: 从“double”转换到“GLfloat”，可能丢失数据
     1>d:\study\projec\我的世界\我的世界\gameinput.cpp(534): warning C4244: “初始化”: 从“double”转换到“float”，可能丢失数据
     1>d:\study\projec\我的世界\我的世界\gameinput.cpp(535): warning C4244: “初始化”: 从“double”转换到“float”，可能丢失数据
     1>d:\study\projec\我的世界\我的世界\gameinput.cpp(537): warning C4244: “初始化”: 从“double”转换到“float”，可能丢失数据
     1>d:\study\projec\我的世界\我的世界\gameinput.cpp(538): warning C4244: “=”: 从“double”转换到“float”，可能丢失数据
         GameFrame.cpp
     1>d:\study\projec\我的世界\我的世界\angel.h(64): warning C4305: “初始化”: 从“double”到“GLfloat”截断
     1>d:\study\projec\我的世界\我的世界\mat.h(757): warning C4244: “=”: 从“double”转换到“GLfloat”，可能丢失数据
     1>d:\study\projec\我的世界\我的世界\mat.h(758): warning C4244: “=”: 从“double”转换到“GLfloat”，可能丢失数据
     1>d:\study\projec\我的世界\我的世界\mat.h(759): warning C4244: “=”: 从“double”转换到“GLfloat”，可能丢失数据
     1>d:\study\projec\我的世界\我的世界\mat.h(780): warning C4244: “=”: 从“double”转换到“GLfloat”，可能丢失数据
     1>d:\study\projec\我的世界\我的世界\mat.h(782): warning C4244: “=”: 从“double”转换到“GLfloat”，可能丢失数据
     1>d:\study\projec\我的世界\我的世界\mat.h(785): warning C4244: “=”: 从“double”转换到“GLfloat”，可能丢失数据
     1>d:\study\projec\我的世界\我的世界\mat.h(802): warning C4244: “=”: 从“double”转换到“GLfloat”，可能丢失数据
     1>d:\study\projec\我的世界\我的世界\gameframe.cpp(152): warning C4244: “初始化”: 从“float”转换到“int”，可能丢失数据
     1>d:\study\projec\我的世界\我的世界\gameframe.cpp(133): warning C4996: 'sprintf': This function or variable may be unsafe. Consider using sprintf_s instead. To disable deprecation, use _CRT_SECURE_NO_WARNINGS. See online help for details.
         c:\program files (x86)\windows kits\10\include\10.0.10150.0\ucrt\stdio.h(1769): note: 参见“sprintf”的声明
     1>d:\study\projec\我的世界\我的世界\gameframe.cpp(136): warning C4996: 'sprintf': This function or variable may be unsafe. Consider using sprintf_s instead. To disable deprecation, use _CRT_SECURE_NO_WARNINGS. See online help for details.
         c:\program files (x86)\windows kits\10\include\10.0.10150.0\ucrt\stdio.h(1769): note: 参见“sprintf”的声明
     1>d:\study\projec\我的世界\我的世界\gameframe.cpp(139): warning C4996: 'sprintf': This function or variable may be unsafe. Consider using sprintf_s instead. To disable deprecation, use _CRT_SECURE_NO_WARNINGS. See online help for details.
         c:\program files (x86)\windows kits\10\include\10.0.10150.0\ucrt\stdio.h(1769): note: 参见“sprintf”的声明
         Game.cpp
     1>d:\study\projec\我的世界\我的世界\angel.h(64): warning C4305: “初始化”: 从“double”到“GLfloat”截断
     1>d:\study\projec\我的世界\我的世界\mat.h(757): warning C4244: “=”: 从“double”转换到“GLfloat”，可能丢失数据
     1>d:\study\projec\我的世界\我的世界\mat.h(758): warning C4244: “=”: 从“double”转换到“GLfloat”，可能丢失数据
     1>d:\study\projec\我的世界\我的世界\mat.h(759): warning C4244: “=”: 从“double”转换到“GLfloat”，可能丢失数据
     1>d:\study\projec\我的世界\我的世界\mat.h(780): warning C4244: “=”: 从“double”转换到“GLfloat”，可能丢失数据
     1>d:\study\projec\我的世界\我的世界\mat.h(782): warning C4244: “=”: 从“double”转换到“GLfloat”，可能丢失数据
     1>d:\study\projec\我的世界\我的世界\mat.h(785): warning C4244: “=”: 从“double”转换到“GLfloat”，可能丢失数据
     1>d:\study\projec\我的世界\我的世界\mat.h(802): warning C4244: “=”: 从“double”转换到“GLfloat”，可能丢失数据
     1>d:\study\projec\我的世界\我的世界\game.cpp(110): warning C4244: “=”: 从“double”转换到“GLfloat”，可能丢失数据
     1>d:\study\projec\我的世界\我的世界\game.cpp(111): warning C4244: “=”: 从“double”转换到“GLfloat”，可能丢失数据
     1>d:\study\projec\我的世界\我的世界\game.cpp(112): warning C4244: “=”: 从“double”转换到“GLfloat”，可能丢失数据
     1>d:\study\projec\我的世界\我的世界\game.cpp(195): warning C4305: “参数”: 从“double”到“const GLfloat”截断
     1>d:\study\projec\我的世界\我的世界\game.cpp(199): warning C4305: “参数”: 从“double”到“const GLfloat”截断
     1>d:\study\projec\我的世界\我的世界\game.cpp(203): warning C4305: “参数”: 从“double”到“const GLfloat”截断
     1>d:\study\projec\我的世界\我的世界\game.cpp(207): warning C4305: “参数”: 从“double”到“const GLfloat”截断
     1>d:\study\projec\我的世界\我的世界\game.cpp(211): warning C4305: “参数”: 从“double”到“const GLfloat”截断
     1>d:\study\projec\我的世界\我的世界\game.cpp(239): warning C4244: “参数”: 从“int”转换到“GLfloat”，可能丢失数据
     1>d:\study\projec\我的世界\我的世界\game.cpp(240): warning C4244: “参数”: 从“int”转换到“GLfloat”，可能丢失数据
     1>d:\study\projec\我的世界\我的世界\game.cpp(241): warning C4244: “参数”: 从“int”转换到“GLfloat”，可能丢失数据
     1>d:\study\projec\我的世界\我的世界\game.cpp(242): warning C4244: “参数”: 从“int”转换到“GLfloat”，可能丢失数据
     1>d:\study\projec\我的世界\我的世界\game.cpp(294): warning C4305: “+=”: 从“double”到“float”截断
     1>d:\study\projec\我的世界\我的世界\game.cpp(320): warning C4305: “参数”: 从“double”到“GLfloat”截断
     1>d:\study\projec\我的世界\我的世界\game.cpp(321): warning C4305: “参数”: 从“double”到“GLfloat”截断
     1>d:\study\projec\我的世界\我的世界\game.cpp(322): warning C4305: “参数”: 从“double”到“GLfloat”截断
     1>d:\study\projec\我的世界\我的世界\game.cpp(323): warning C4305: “参数”: 从“double”到“GLfloat”截断
     1>d:\study\projec\我的世界\我的世界\game.cpp(325): warning C4305: “参数”: 从“double”到“GLfloat”截断
     1>d:\study\projec\我的世界\我的世界\game.cpp(326): warning C4305: “参数”: 从“double”到“GLfloat”截断
     1>d:\study\projec\我的世界\我的世界\game.cpp(327): warning C4305: “参数”: 从“double”到“GLfloat”截断
     1>d:\study\projec\我的世界\我的世界\game.cpp(328): warning C4305: “参数”: 从“double”到“GLfloat”截断
     1>d:\study\projec\我的世界\我的世界\game.cpp(351): warning C4244: “参数”: 从“double”转换到“const GLfloat”，可能丢失数据
     1>d:\study\projec\我的世界\我的世界\game.cpp(352): warning C4244: “参数”: 从“double”转换到“const GLfloat”，可能丢失数据
         正在生成代码...
     1>d:\study\projec\我的世界\我的世界\scene.cpp(37): warning C4715: “Scene::LoadButton”: 不是所有的控件路径都返回值
     1>d:\study\projec\我的世界\我的世界\scene.cpp(46): warning C4715: “Scene::ReleaseButton”: 不是所有的控件路径都返回值
     1>d:\study\projec\我的世界\我的世界\scene.cpp(69): warning C4715: “Scene::LoadObject”: 不是所有的控件路径都返回值
     1>d:\study\projec\我的世界\我的世界\scene.cpp(78): warning C4715: “Scene::ReleaseObject”: 不是所有的控件路径都返回值
       Link:
         D:\Program Files (x86)\VS2015\VC\bin\link.exe /ERRORREPORT:PROMPT /OUT:"D:\Study\projec\我的世界\Debug\我的世界.exe" /INCREMENTAL /NOLOGO kernel32.lib user32.lib gdi32.lib winspool.lib comdlg32.lib advapi32.lib shell32.lib ole32.lib oleaut32.lib uuid.lib odbc32.lib odbccp32.lib /MANIFEST /MANIFESTUAC:"level='asInvoker' uiAccess='false'" /manifest:embed /Debug /PDB:"D:\Study\projec\我的世界\Debug\我的世界.pdb" /SUBSYSTEM:CONSOLE /TLBID:1 /DYNAMICBASE /NXCOMPAT /IMPLIB:"D:\Study\projec\我的世界\Debug\我的世界.lib" /MACHINE:X86 Debug\Game.obj
         Debug\GameFrame.obj
         Debug\GameInput.obj
         Debug\GameOutput.obj
         Debug\InitShader.obj
         Debug\Load.obj
         Debug\Main.obj
         Debug\Menu.obj
         Debug\Object.obj
         Debug\Primitive.obj
         Debug\SoundManage.obj
         Debug\Scene.obj
         Debug\ShaderData.obj
         我的世界.vcxproj -> D:\Study\projec\我的世界\Debug\我的世界.exe
     1>已完成生成项目“D:\Study\projec\我的世界\我的世界\我的世界.vcxproj”(Build 个目标)的操作。

已成功生成。

已用时间 00:00:18.98
